Log file open, 09/19/15 20:31:15
LogInit:Display: Running engine for game: Vikings_Unreal
LogInit: Version: 4.7.6-2513093+++depot+UE4-Releases+4.7
LogInit: API Version: 2455222
LogInit: Compiled (64-bit): Apr 15 2015 12:09:54
LogInit: Compiled with Visual C++: 18.00.21005.01
LogInit: Build Configuration: Development
LogInit: Branch Name: ++depot+UE4-Releases+4.7
LogInit: Command line: 
LogInit: Base directory: C:/Program Files/Epic Games/4.7/Engine/Binaries/Win64/
LogInit: Rocket: 1
[2015.09.19-23.31.15:841][  0]LogTaskGraph: Started task graph with 3 named threads and 4 total threads.
[2015.09.19-23.31.15:913][  0]LogOnline:Warning: No default platform service specified for OnlineSubsystem
[2015.09.19-23.31.16:181][  0]LogInit: Presizing for 0 objects not considered by GC, pre-allocating 0 bytes.
[2015.09.19-23.31.16:200][  0]LogInit: Object subsystem initialized
[2015.09.19-23.31.16:322][  0]LogInit: Selected Device Profile: [Windows]
[2015.09.19-23.31.16:322][  0]LogInit: Applying CVar settings loaded from the selected device profile: [Windows]
[2015.09.19-23.31.16:707][  0]LogInit: Computer: RFF
[2015.09.19-23.31.16:707][  0]LogInit: User: Pinguim
[2015.09.19-23.31.16:707][  0]LogInit: CPU Page size=4096, Cores=2
[2015.09.19-23.31.16:707][  0]LogInit: High frequency timer resolution =2.734473 MHz
[2015.09.19-23.31.16:707][  0]LogMemory: Memory total: Physical=4.0GB (4GB approx) Virtual=131072.0GB
[2015.09.19-23.31.16:707][  0]LogMemory: Platform Memory Stats for Windows
[2015.09.19-23.31.16:707][  0]LogMemory: Process Physical Memory: 47.05 MB used, 47.05 MB peak
[2015.09.19-23.31.16:707][  0]LogMemory: Process Virtual Memory: 24.55 MB used, 24.59 MB peak
[2015.09.19-23.31.16:707][  0]LogMemory: Physical Memory: 3347.04 MB used, 4092.18 MB total
[2015.09.19-23.31.16:707][  0]LogMemory: Virtual Memory: 301.35 MB used, 134217728.00 MB total
[2015.09.19-23.31.17:649][  0]LogD3D11RHI: Found D3D11 adapter 0: NVIDIA GeForce GT 240 (Feature Level 10_0)
[2015.09.19-23.31.17:649][  0]LogD3D11RHI: Adapter has 972MB of dedicated video memory, 0MB of dedicated system memory, and 2046MB of shared system memory, 1 output[s]
[2015.09.19-23.31.18:585][  0]LogD3D11RHI: Found D3D11 adapter 1: Microsoft Basic Render Driver (Feature Level 11_0)
[2015.09.19-23.31.18:585][  0]LogD3D11RHI: Adapter has 0MB of dedicated video memory, 0MB of dedicated system memory, and 2046MB of shared system memory, 0 output[s]
[2015.09.19-23.31.18:585][  0]LogD3D11RHI: Chosen D3D11 Adapter Id = 0
[2015.09.19-23.31.18:682][  0]LogRHI: Texture pool is 680 MB (70% of 972 MB)
[2015.09.19-23.31.18:770][  0]LogD3D11RHI: Async texture creation enabled
[2015.09.19-23.31.21:620][  0]LogTextLocalizationManager:Warning: Loading localization resources contain conflicting entries for (Namespace:ContentBrowser, Key:ImportAssetToolTip):
Resource: (C:/Program Files/Epic Games/4.7/Engine/Content/Localization/Editor/pt-BR/Editor.locres) Hash: (-630476809) String: (Importar para {0}...)
Resource: (C:/Program Files/Epic Games/4.7/Engine/Content/Localization/Editor/pt-BR/Editor.locres) Hash: (1271782899) String: (Importa um ativo do arquivo para essa pasta.)
[2015.09.19-23.31.21:811][  0]LogContentStreaming: Texture pool size is 0.000000MB
[2015.09.19-23.31.55:726][  0]LogTargetPlatformManager:Display: Building Assets For Windows
[2015.09.19-23.31.59:007][  0]LogTargetPlatformManager:Display: Building Assets For Windows
[2015.09.19-23.31.59:304][  0]LogDerivedDataCache:Display: Max Cache Size: 512 MB
[2015.09.19-23.32.01:292][  0]LogDerivedDataCache: Loaded boot cache 1.87s 36MB C:/Users/Pinguim/AppData/Local/UnrealEngine/4.7/DerivedDataCache/Boot.ddc.
[2015.09.19-23.32.01:292][  0]LogDerivedDataCache:Display: Loaded Boot cache: C:/Users/Pinguim/AppData/Local/UnrealEngine/4.7/DerivedDataCache/Boot.ddc
[2015.09.19-23.32.01:292][  0]LogDerivedDataCache: FDerivedDataBackendGraph:  Pak pak cache file F:/Unreal Engine 4/Projeto-Vikings/Vikings_Unreal/DerivedDataCache/DDC.ddp not found, will not use a pak cache.
[2015.09.19-23.32.01:292][  0]LogDerivedDataCache: Unable to find inner node Pak for hierarchical cache Hierarchy.
[2015.09.19-23.32.01:591][  0]LogDerivedDataCache:Display: Pak cache opened for reading ../../../Engine/DerivedDataCache/Compressed.ddp.
[2015.09.19-23.32.01:693][  0]LogDerivedDataCache: Using Local data cache path C:/Users/Pinguim/AppData/Local/UnrealEngine/Common/DerivedDataCache: Writable
[2015.09.19-23.32.27:347][  0]LogMeshUtilities: No automatic mesh reduction module available
[2015.09.19-23.32.27:347][  0]LogMeshUtilities: No automatic mesh merging module available
[2015.09.19-23.32.29:902][  0]LogInit: WinSock: version 1.1 (2.2), MaxSocks=32767, MaxUdp=65467
[2015.09.19-23.32.30:751][  0]LogSlate:Warning: Failed to load font data from '../../../Engine/Content/Slate/Fonts/Roboto-Italic.ttf'
[2015.09.19-23.33.27:343][  0]UdpMessaging: Initializing bridge on interface 0.0.0.0:0 to multicast group 230.0.0.1:6666.
[2015.09.19-23.33.31:150][  0]SourceControl: Informações Controle de origem desativado
[2015.09.19-23.33.31:150][  0]SourceControl: Informações Controle de origem desativado
[2015.09.19-23.33.31:150][  0]SourceControl: Informações Controle de origem desativado
[2015.09.19-23.33.31:150][  0]LogSourceControl: RunCommandInternalRaw: 'git version'
[2015.09.19-23.33.31:153][  0]LogSourceControl: RunCommandInternalRaw: ExecProcess ReturnCode=2 OutResults=''
[2015.09.19-23.33.31:253][  0]SourceControl: Informações Controle de origem desativado
[2015.09.19-23.33.37:544][  0]LogObj: 24236 objects as part of root set at end of initial load.
[2015.09.19-23.33.37:544][  0]LogUObjectAllocator: 5139032 out of 0 bytes used by permanent object pool.
[2015.09.19-23.33.40:704][  0]LogAutomationTest:Warning: Smoke tests took > 1s to run: 2.08s
[2015.09.19-23.33.40:805][  0]LogEngine: Initializing Engine...
[2015.09.19-23.33.44:076][  0]LogInit: XAudio2 using 'Alto-falantes (Realtek High Definition Audio)' : 2 channels at 48 kHz using 32 bits per sample (channel mask 0x3)
[2015.09.19-23.33.44:200][  0]LogInit: FAudioDevice initialized.
[2015.09.19-23.33.44:636][  0]LogAIModule: Creating AISystem for world NewWorld
[2015.09.19-23.33.44:995][  0]LogDerivedDataCache: Saved boot cache 0.35s 36MB C:/Users/Pinguim/AppData/Local/UnrealEngine/4.7/DerivedDataCache/Boot.ddc.
[2015.09.19-23.33.45:092][  0]LogInit: Texture streaming: Enabled
[2015.09.19-23.33.48:753][  0]LogAnalytics: Creating configured Analytics provider AnalyticsET
[2015.09.19-23.33.48:753][  0]LogAnalytics: ET APIKey = Rocket.Release. APIServer = http://et2.epicgames.com/ET2/. AppVersion = 4.7.6-2513093+++depot+UE4-Releases+4.7
[2015.09.19-23.33.48:753][  0]LogAnalytics: ET APIKey = Rocket.Release. DataRouterUploadURL = https://datarouter-public-service-gamedev.ol.epicgames.net/datarouter/api/v1/public/data. AppVersion = 4.7.6-2513093+++depot+UE4-Releases+4.7
[2015.09.19-23.33.48:765][  0]LogAnalytics: SetUserId afff416c4f471b1067fe2fa11108d65e|18ea21e6b38045feb6ddda7aabe652e3|ec817251-ef51-4ddb-9247-09ff906c2954
[2015.09.19-23.33.48:766][  0]LogAnalytics: AnalyticsET::StartSession [Rocket.Release]
[2015.09.19-23.33.50:916][  0]LogInit: Transaction tracking system initialized
[2015.09.19-23.33.53:734][  0]BlueprintLog: New page: Carregar Editor
[2015.09.19-23.33.53:954][  0]LogAssetRegistry: FAssetRegistry took 0.0165 seconds to start up
[2015.09.19-23.33.53:955][  0]LogDirectoryWatcher:Warning: Failed to begin reading directory changes for ../../../Engine/Plugins/Experimental/CharacterAI/Content/. Error: 0
[2015.09.19-23.34.05:409][  0]LogTargetPlatformManager:Display: Building Assets For Windows
[2015.09.19-23.34.07:452][  0]LogTargetPlatformManager:Display: Building Assets For Windows
[2015.09.19-23.34.39:559][  0]LogLinker:Warning: Não é possível encontrar o arquivo “/Game/2DSideScrollerBP/2DSideScrollerOverview”
[2015.09.19-23.34.39:559][  0]LogLinker:Warning: Não é possível encontrar o arquivo “/Game/2DSideScrollerBP/2DSideScrollerOverview”
[2015.09.19-23.34.39:559][  0]LogUObjectGlobals:Warning: Falha ao encontrar objeto “Class /Game/2DSideScrollerBP/2DSideScrollerOverview.2DSideScrollerOverview_C”
[2015.09.19-23.34.40:512][  0]LogSlate:Warning: Failed to load font data from '../../../Engine/Content/Editor/Slate/Fonts/Roboto-Regular.ttf'
[2015.09.19-23.34.40:513][  0]LogSlate:Warning: Failed to load font data from '../../../Engine/Content/Editor/Slate/Fonts/Roboto-Bold.ttf'
[2015.09.19-23.34.41:682][  0]LogConsoleResponse:Display: 
[2015.09.19-23.34.44:108][  0]LogCook:Display: Done creating registry. It took  0.00s.
[2015.09.19-23.34.47:959][  0]SourceControl: Informações Controle de origem desativado
[2015.09.19-23.34.47:959][  0]Cmd: MAP LOAD FILE="../../../Engine/Content/Maps/Templates/Template_Default.umap" TEMPLATE=1 SHOWPROGRESS=1 FEATURELEVEL=2
[2015.09.19-23.34.48:178][  0]LightingResults: New page: Compilação de Iluminação
[2015.09.19-23.34.48:209][  0]MapCheck: New page: Verificação de Mapa
[2015.09.19-23.34.48:209][  0]LightingResults: New page: Compilação de Iluminação
[2015.09.19-23.34.48:247][  0]LogParticles: Destroying 0 GPU particle simulations for FXSystem 0x0000001D26FA28E0
[2015.09.19-23.34.51:051][  0]LogEditorServer: Finished looking for orphan Actors (0.000 secs)
[2015.09.19-23.34.51:083][  0]LogAIModule: Creating AISystem for world Untitled_1
[2015.09.19-23.34.51:087][  0]Cmd: MAP CHECKDEP
[2015.09.19-23.34.51:088][  0]MapCheck: New page: Untitled_1 - 19/09/2015 17:34:51
[2015.09.19-23.34.51:318][  0]MapCheck: Informações Map check complete: 0 Error(s), 0 Warning(s), took 231,033ms to complete.
[2015.09.19-23.34.51:319][  0]LogFileHelpers: Loading map 'Template_Default' took 3.360
[2015.09.19-23.35.04:421][  0]LogCollectionManager: Loaded 0 collections in 0.007191 seconds
[2015.09.19-23.35.05:473][  0]LogContentBrowser: Native class hierarchy populated in 1.0400 seconds. Added 1697 classes and 263 folders.
[2015.09.19-23.35.13:178][  0]LogContentBrowser: Native class hierarchy updated for 'SceneOutliner' in 0.0090 seconds. Added 1 classes and 2 folders.
[2015.09.19-23.35.22:241][  0]LogCrashTracker: Crashtracker disabled due to settings.
[2015.09.19-23.35.23:029][  0]LogSlate:Warning: Failed to load font data from 'Veranda'
[2015.09.19-23.35.24:002][  0]LogUObjectGlobals:Warning: Falha ao encontrar objeto “Class Nenhum.”
[2015.09.19-23.35.24:711][  0]LogLoad: Full Startup: 260.67 seconds (BP compile: 0.20 seconds)
[2015.09.19-23.35.37:603][  0]LogRenderer:Warning: Reallocating scene render targets to support 1056x560 (Frame:2).
[2015.09.19-23.36.50:601][146]LogAssetRegistry: Asset discovery search completed in 176.6642 seconds
[2015.09.19-23.44.37:238][929]LogEditorViewport: Clicking on Actor (LMB): StaticMeshActor (Floor)
[2015.09.19-23.44.40:564][936]LogEditorViewport: Clicking on Actor (LMB): BP_Sky_Sphere_C (Sky Sphere)
[2015.09.20-01.09.34:981][191]Cmd: QUIT_EDITOR
[2015.09.20-01.09.36:198][191]LogExit: Preparing to exit.
[2015.09.20-01.09.37:828][191]LogExit: Editor shut down
[2015.09.20-01.09.37:846][191]LogExit: Transaction tracking system shut down
[2015.09.20-01.09.37:855][191]LogParticles: Destroying 0 GPU particle simulations for FXSystem 0x0000001D210A3240
[2015.09.20-01.09.37:856][191]LogParticles: Destroying 0 GPU particle simulations for FXSystem 0x0000001D22B67920
[2015.09.20-01.09.39:586][191]LogParticles: Destroying 0 GPU particle simulations for FXSystem 0x0000001D17E80FE0
[2015.09.20-01.09.39:586][191]LogParticles: Destroying 0 GPU particle simulations for FXSystem 0x0000001D17E811C0
[2015.09.20-01.09.39:586][191]LogExit: Object subsystem successfully closed.
[2015.09.20-01.09.40:603][191]LogModuleManager: Shutting down and abandoning module CrashTracker (178)
[2015.09.20-01.09.40:603][191]LogModuleManager: Shutting down and abandoning module SuperSearch (177)
[2015.09.20-01.09.40:603][191]LogModuleManager: Shutting down and abandoning module SceneOutliner (176)
[2015.09.20-01.09.40:613][191]LogModuleManager: Shutting down and abandoning module EditorWidgets (175)
[2015.09.20-01.09.40:613][191]LogModuleManager: Shutting down and abandoning module CollectionManager (174)
[2015.09.20-01.09.40:652][191]LogModuleManager: Shutting down and abandoning module StatsViewer (173)
[2015.09.20-01.09.40:724][191]LogModuleManager: Shutting down and abandoning module FoliageEdit (172)
[2015.09.20-01.09.40:724][191]LogModuleManager: Shutting down and abandoning module LandscapeEditor (171)
[2015.09.20-01.09.40:800][191]LogModuleManager: Shutting down and abandoning module MeshPaint (170)
[2015.09.20-01.09.40:804][191]LogModuleManager: Shutting down and abandoning module ActorPickerMode (169)
[2015.09.20-01.09.40:804][191]LogModuleManager: Shutting down and abandoning module GeometryMode (168)
[2015.09.20-01.09.40:804][191]LogModuleManager: Shutting down and abandoning module TextureAlignMode (167)
[2015.09.20-01.09.40:804][191]LogModuleManager: Shutting down and abandoning module BspMode (166)
[2015.09.20-01.09.40:804][191]LogModuleManager: Shutting down and abandoning module PlacementMode (165)
[2015.09.20-01.09.40:804][191]LogModuleManager: Shutting down and abandoning module AutomationWorker (164)
[2015.09.20-01.09.40:804][191]LogModuleManager: Shutting down and abandoning module CharacterAI (163)
[2015.09.20-01.09.40:804][191]LogModuleManager: Shutting down and abandoning module SmartSnapping (162)
[2015.09.20-01.09.40:804][191]LogModuleManager: Shutting down and abandoning module ViewportSnapping (161)
[2015.09.20-01.09.40:805][191]LogModuleManager: Shutting down and abandoning module LogVisualizer (160)
[2015.09.20-01.09.40:866][191]LogModuleManager: Shutting down and abandoning module GameProjectGeneration (159)
[2015.09.20-01.09.40:873][191]LogModuleManager: Shutting down and abandoning module IntroTutorials (158)
[2015.09.20-01.09.40:935][191]LogModuleManager: Shutting down and abandoning module EditorLiveStreaming (157)
[2015.09.20-01.09.40:943][191]LogModuleManager: Shutting down and abandoning module HardwareTargeting (156)
[2015.09.20-01.09.40:943][191]LogModuleManager: Shutting down and abandoning module DeviceProfileEditor (155)
[2015.09.20-01.09.40:991][191]LogModuleManager: Shutting down and abandoning module UndoHistory (154)
[2015.09.20-01.09.41:001][191]LogModuleManager: Shutting down and abandoning module GameplayTagsEditor (153)
[2015.09.20-01.09.41:001][191]LogModuleManager: Shutting down and abandoning module UserFeedback (152)
[2015.09.20-01.09.41:001][191]LogModuleManager: Shutting down and abandoning module XmlParser (151)
[2015.09.20-01.09.41:118][191]LogModuleManager: Shutting down and abandoning module Blutility (150)
[2015.09.20-01.09.41:118][191]LogModuleManager: Shutting down and abandoning module IOSPlatformEditor (149)
[2015.09.20-01.09.41:118][191]LogModuleManager: Shutting down and abandoning module IOSRuntimeSettings (148)
[2015.09.20-01.09.41:118][191]LogModuleManager: Shutting down and abandoning module AndroidDeviceDetection (147)
[2015.09.20-01.09.41:157][191]LogModuleManager: Shutting down and abandoning module AndroidPlatformEditor (146)
[2015.09.20-01.09.41:157][191]LogModuleManager: Shutting down and abandoning module AndroidRuntimeSettings (145)
[2015.09.20-01.09.41:157][191]LogModuleManager: Shutting down and abandoning module ProjectTargetPlatformEditor (144)
[2015.09.20-01.09.41:177][191]LogModuleManager: Shutting down and abandoning module ProjectSettingsViewer (143)
[2015.09.20-01.09.41:177][191]LogModuleManager: Shutting down and abandoning module InputBindingEditor (142)
[2015.09.20-01.09.41:215][191]LogModuleManager: Shutting down and abandoning module EditorSettingsViewer (141)
[2015.09.20-01.09.41:215][191]LogModuleManager: Shutting down and abandoning module SettingsEditor (140)
[2015.09.20-01.09.41:232][191]LogModuleManager: Shutting down and abandoning module ProjectLauncher (139)
[2015.09.20-01.09.41:272][191]LogModuleManager: Shutting down and abandoning module SessionFrontend (138)
[2015.09.20-01.09.41:298][191]LogModuleManager: Shutting down and abandoning module ProfilerClient (137)
[2015.09.20-01.09.41:298][191]LogModuleManager: Shutting down and abandoning module TargetDeviceServices (136)
[2015.09.20-01.09.41:298][191]LogModuleManager: Shutting down and abandoning module DeviceManager (135)
[2015.09.20-01.09.41:312][191]LogModuleManager: Shutting down and abandoning module AutomationController (134)
[2015.09.20-01.09.41:328][191]LogModuleManager: Shutting down and abandoning module AutomationWindow (133)
[2015.09.20-01.09.41:348][191]LogModuleManager: Shutting down and abandoning module Layers (132)
[2015.09.20-01.09.41:378][191]LogModuleManager: Shutting down and abandoning module ComponentVisualizers (131)
[2015.09.20-01.09.41:378][191]LogModuleManager: Shutting down and abandoning module DetailCustomizations (130)
[2015.09.20-01.09.41:379][191]LogModuleManager: Shutting down and abandoning module PackagesDialog (129)
[2015.09.20-01.09.41:430][191]LogModuleManager: Shutting down and abandoning module AssetRegistry (128)
[2015.09.20-01.09.41:650][191]LogModuleManager: Shutting down and abandoning module Persona (127)
[2015.09.20-01.09.41:791][191]LogModuleManager: Shutting down and abandoning module SlateReflector (126)
[2015.09.20-01.09.41:879][191]LogModuleManager: Shutting down and abandoning module LevelEditor (125)
[2015.09.20-01.09.41:901][191]LogModuleManager: Shutting down and abandoning module Kismet (124)
[2015.09.20-01.09.41:918][191]LogModuleManager: Shutting down and abandoning module GraphEditor (123)
[2015.09.20-01.09.41:953][191]LogModuleManager: Shutting down and abandoning module ClassViewer (122)
[2015.09.20-01.09.41:953][191]LogModuleManager: Shutting down and abandoning module Toolbox (121)
[2015.09.20-01.09.41:953][191]LogModuleManager: Shutting down and abandoning module ModuleUI (120)
[2015.09.20-01.09.41:971][191]LogModuleManager: Shutting down and abandoning module MovieSceneTools (119)
[2015.09.20-01.09.42:006][191]LogModuleManager: Shutting down and abandoning module OutputLog (118)
[2015.09.20-01.09.42:006][191]LogModuleManager: Shutting down and abandoning module GammaUI (117)
[2015.09.20-01.09.42:014][191]LogModuleManager: Shutting down and abandoning module Documentation (116)
[2015.09.20-01.09.42:023][191]LogModuleManager: Shutting down and abandoning module GameLiveStreaming (115)
[2015.09.20-01.09.42:037][191]LogModuleManager: Shutting down and abandoning module StreamingPauseRendering (114)
[2015.09.20-01.09.42:058][191]LogModuleManager: Shutting down and abandoning module HTTP (113)
[2015.09.20-01.09.42:079][191]LogModuleManager: Shutting down and abandoning module AnalyticsET (112)
[2015.09.20-01.09.42:079][191]LogModuleManager: Shutting down and abandoning module Analytics (111)
[2015.09.20-01.09.42:079][191]LogModuleManager: Shutting down and abandoning module AITestSuite (110)
[2015.09.20-01.09.42:092][191]LogModuleManager: Shutting down and abandoning module GameplayDebugger (109)
[2015.09.20-01.09.42:098][191]LogModuleManager: Shutting down and abandoning module AIModule (108)
[2015.09.20-01.09.42:108][191]LogModuleManager: Shutting down and abandoning module ProfilerService (107)
[2015.09.20-01.09.42:245][191]LogModuleManager: Shutting down and abandoning module TaskGraph (106)
[2015.09.20-01.09.42:252][191]LogModuleManager: Shutting down and abandoning module SlateRemote (105)
[2015.09.20-01.09.42:252][191]LogModuleManager: Shutting down and abandoning module ScriptEditorPlugin (104)
[2015.09.20-01.09.42:253][191]LogModuleManager: Shutting down and abandoning module CustomMeshComponent (103)
[2015.09.20-01.09.42:253][191]LogModuleManager: Shutting down and abandoning module CableComponent (102)
[2015.09.20-01.09.42:260][191]LogModuleManager: Shutting down and abandoning module MessagingDebugger (101)
[2015.09.20-01.09.42:285][191]LogModuleManager: Shutting down and abandoning module MediaPlayerEditor (100)
[2015.09.20-01.09.42:295][191]LogModuleManager: Shutting down and abandoning module SpeedTreeImporter (99)
[2015.09.20-01.09.42:295][191]LogModuleManager: Shutting down and abandoning module PluginsEditor (98)
[2015.09.20-01.09.42:303][191]LogModuleManager: Shutting down and abandoning module MainFrame (97)
[2015.09.20-01.09.42:320][191]LogModuleManager: Shutting down and abandoning module EpicSurvey (96)
[2015.09.20-01.09.42:350][191]LogModuleManager: Shutting down and abandoning module DesktopPlatform (95)
[2015.09.20-01.09.42:377][191]LogModuleManager: Shutting down and abandoning module DirectoryWatcher (94)
[2015.09.20-01.09.42:381][191]LogModuleManager: Shutting down and abandoning module HotReload (93)
[2015.09.20-01.09.42:394][191]LogModuleManager: Shutting down and abandoning module VisualStudioSourceCodeAccess (92)
[2015.09.20-01.09.42:394][191]LogModuleManager: Shutting down and abandoning module UObjectPlugin (91)
[2015.09.20-01.09.42:394][191]LogModuleManager: Shutting down and abandoning module SubversionSourceControl (90)
[2015.09.20-01.09.42:409][191]LogModuleManager: Shutting down and abandoning module PerforceSourceControl (89)
[2015.09.20-01.09.42:449][191]LogModuleManager: Shutting down and abandoning module SourceControl (88)
[2015.09.20-01.09.42:520][191]LogModuleManager: Shutting down and abandoning module GitSourceControl (87)
[2015.09.20-01.09.42:533][191]LogModuleManager: Shutting down and abandoning module BlankPlugin (86)
[2015.09.20-01.09.42:533][191]LogModuleManager: Shutting down and abandoning module PaperTiledImporter (85)
[2015.09.20-01.09.42:533][191]LogModuleManager: Shutting down and abandoning module PaperJsonImporter (84)
[2015.09.20-01.09.42:533][191]LogModuleManager: Shutting down and abandoning module ContentBrowser (83)
[2015.09.20-01.09.42:536][191]LogModuleManager: Shutting down and abandoning module Paper2DEditor (82)
[2015.09.20-01.09.42:685][191]LogModuleManager: Shutting down and abandoning module Vikings_Unreal (81)
[2015.09.20-01.09.42:685][191]LogModuleManager: Shutting down and abandoning module ScriptPlugin (80)
[2015.09.20-01.09.42:702][191]LogModuleManager: Shutting down and abandoning module UdpMessaging (79)
[2015.09.20-01.09.42:818][191]LogModuleManager: Shutting down and abandoning module Paper2D (78)
[2015.09.20-01.09.42:854][191]LogModuleManager: Shutting down and abandoning module WindowsMoviePlayer (77)
[2015.09.20-01.09.42:884][191]LogModuleManager: Shutting down and abandoning module Media (76)
[2015.09.20-01.09.42:884][191]LogModuleManager: Shutting down and abandoning module WmfMedia (75)
[2015.09.20-01.09.42:884][191]LogModuleManager: Shutting down and abandoning module OnlineBlueprintSupport (74)
[2015.09.20-01.09.42:884][191]LogModuleManager: Shutting down and abandoning module PropertyEditor (73)
[2015.09.20-01.09.42:884][191]LogModuleManager: Shutting down and abandoning module BehaviorTreeEditor (72)
[2015.09.20-01.09.42:944][191]LogModuleManager: Shutting down and abandoning module FunctionalTesting (71)
[2015.09.20-01.09.42:965][191]LogModuleManager: Shutting down and abandoning module CollisionAnalyzer (70)
[2015.09.20-01.09.42:980][191]LogModuleManager: Shutting down and abandoning module WorkspaceMenuStructure (69)
[2015.09.20-01.09.42:981][191]LogModuleManager: Shutting down and abandoning module MessageLog (68)
[2015.09.20-01.09.42:996][191]LogModuleManager: Shutting down and abandoning module Sequencer (67)
[2015.09.20-01.09.43:014][191]LogModuleManager: Shutting down and abandoning module AssetTools (66)
[2015.09.20-01.09.43:080][191]LogModuleManager: Shutting down and abandoning module UMGEditor (65)
[2015.09.20-01.09.43:092][191]LogModuleManager: Shutting down and abandoning module UMG (64)
[2015.09.20-01.09.43:105][191]LogModuleManager: Shutting down and abandoning module Slate (63)
[2015.09.20-01.09.43:105][191]LogModuleManager: Shutting down and abandoning module EditorStyle (62)
[2015.09.20-01.09.43:152][191]LogModuleManager: Shutting down and abandoning module SessionServices (61)
[2015.09.20-01.09.43:152][191]LogModuleManager: Shutting down and abandoning module SourceCodeAccess (60)
[2015.09.20-01.09.43:152][191]LogModuleManager: Shutting down and abandoning module HeadMountedDisplay (59)
[2015.09.20-01.09.43:152][191]LogModuleManager: Shutting down and abandoning module XAudio2 (58)
[2015.09.20-01.09.43:152][191]LogModuleManager: Shutting down and abandoning module Networking (56)
[2015.09.20-01.09.43:152][191]LogModuleManager: Shutting down and abandoning module Core (55)
[2015.09.20-01.09.43:152][191]LogModuleManager: Shutting down and abandoning module KismetCompiler (54)
[2015.09.20-01.09.43:152][191]LogModuleManager: Shutting down and abandoning module PhysXFormats (53)
[2015.09.20-01.09.43:152][191]LogModuleManager: Shutting down and abandoning module MeshUtilities (52)
[2015.09.20-01.09.43:210][191]LogModuleManager: Shutting down and abandoning module DerivedDataCache (51)
[2015.09.20-01.09.43:312][191]LogDerivedDataCache: Shutdown
[2015.09.20-01.09.43:312][191]LogModuleManager: Shutting down and abandoning module ShaderFormatOpenGL (50)
[2015.09.20-01.09.43:322][191]LogModuleManager: Shutting down and abandoning module ShaderFormatD3D (49)
[2015.09.20-01.09.43:372][191]LogModuleManager: Shutting down and abandoning module MetalShaderFormat (48)
[2015.09.20-01.09.43:383][191]LogModuleManager: Shutting down and abandoning module TextureFormatUncompressed (47)
[2015.09.20-01.09.43:383][191]LogModuleManager: Shutting down and abandoning module TextureFormatPVR (46)
[2015.09.20-01.09.43:415][191]LogModuleManager: Shutting down and abandoning module TextureFormatIntelISPCTexComp (45)
[2015.09.20-01.09.43:445][191]LogModuleManager: Shutting down and abandoning module TextureFormatDXT (44)
[2015.09.20-01.09.43:453][191]LogModuleManager: Shutting down and abandoning module ImageWrapper (43)
[2015.09.20-01.09.43:453][191]LogModuleManager: Shutting down and abandoning module TextureFormatASTC (42)
[2015.09.20-01.09.43:468][191]LogModuleManager: Shutting down and abandoning module TextureFormatAndroid (41)
[2015.09.20-01.09.43:468][191]LogModuleManager: Shutting down and abandoning module AudioFormatOpus (40)
[2015.09.20-01.09.43:491][191]LogModuleManager: Shutting down and abandoning module AudioFormatOgg (39)
[2015.09.20-01.09.43:491][191]LogModuleManager: Shutting down and abandoning module AudioFormatADPCM (38)
[2015.09.20-01.09.43:491][191]LogModuleManager: Shutting down and abandoning module LinuxTargetPlatform (37)
[2015.09.20-01.09.43:491][191]LogModuleManager: Shutting down and abandoning module LinuxServerTargetPlatform (36)
[2015.09.20-01.09.43:500][191]LogModuleManager: Shutting down and abandoning module LinuxNoEditorTargetPlatform (35)
[2015.09.20-01.09.43:535][191]LogModuleManager: Shutting down and abandoning module Messaging (34)
[2015.09.20-01.09.43:535][191]LogModuleManager: Shutting down and abandoning module IOSTargetPlatform (33)
[2015.09.20-01.09.43:535][191]LogModuleManager: Shutting down and abandoning module HTML5TargetPlatform (32)
[2015.09.20-01.09.43:535][191]LogModuleManager: Shutting down and abandoning module Android_PVRTCTargetPlatform (31)
[2015.09.20-01.09.43:535][191]LogModuleManager: Shutting down and abandoning module Android_ETC2TargetPlatform (30)
[2015.09.20-01.09.43:535][191]LogModuleManager: Shutting down and abandoning module Android_ETC1TargetPlatform (29)
[2015.09.20-01.09.43:535][191]LogModuleManager: Shutting down and abandoning module Android_ES31TargetPlatform (28)
[2015.09.20-01.09.43:535][191]LogModuleManager: Shutting down and abandoning module Android_DXTTargetPlatform (27)
[2015.09.20-01.09.43:535][191]LogModuleManager: Shutting down and abandoning module Android_ATCTargetPlatform (26)
[2015.09.20-01.09.43:535][191]LogModuleManager: Shutting down and abandoning module AndroidTargetPlatform (25)
[2015.09.20-01.09.43:535][191]LogModuleManager: Shutting down and abandoning module WindowsTargetPlatform (24)
[2015.09.20-01.09.43:535][191]LogModuleManager: Shutting down and abandoning module WindowsServerTargetPlatform (23)
[2015.09.20-01.09.43:535][191]LogModuleManager: Shutting down and abandoning module WindowsNoEditorTargetPlatform (22)
[2015.09.20-01.09.43:535][191]LogModuleManager: Shutting down and abandoning module WindowsClientTargetPlatform (21)
[2015.09.20-01.09.43:535][191]LogModuleManager: Shutting down and abandoning module TargetPlatform (20)
[2015.09.20-01.09.43:535][191]LogModuleManager: Shutting down and abandoning module InputCore (19)
[2015.09.20-01.09.43:535][191]LogModuleManager: Shutting down and abandoning module Settings (18)
[2015.09.20-01.09.43:536][191]LogModuleManager: Shutting down and abandoning module OnlineSubsystem (16)
[2015.09.20-01.09.43:558][191]LogModuleManager: Shutting down and abandoning module OculusRift (15)
[2015.09.20-01.09.43:558][191]LogModuleManager: Shutting down and abandoning module ExampleDeviceProfileSelector (14)
[2015.09.20-01.09.43:558][191]LogModuleManager: Shutting down and abandoning module TextureCompressor (13)
[2015.09.20-01.09.43:566][191]LogModuleManager: Shutting down and abandoning module ShaderCore (12)
[2015.09.20-01.09.43:566][191]LogModuleManager: Shutting down and abandoning module Landscape (11)
[2015.09.20-01.09.43:566][191]LogModuleManager: Shutting down and abandoning module SlateRHIRenderer (10)
[2015.09.20-01.09.43:650][191]LogModuleManager: Shutting down and abandoning module OpenGLDrv (9)
[2015.09.20-01.09.43:650][191]LogModuleManager: Shutting down and abandoning module D3D11RHI (8)
[2015.09.20-01.09.43:650][191]LogModuleManager: Shutting down and abandoning module Renderer (7)
[2015.09.20-01.09.43:650][191]LogModuleManager: Shutting down and abandoning module Engine (6)
[2015.09.20-01.09.43:650][191]LogModuleManager: Shutting down and abandoning module CoreUObject (5)
[2015.09.20-01.09.43:659][191]LogModuleManager: Shutting down and abandoning module NetworkFile (4)
[2015.09.20-01.09.43:673][191]LogModuleManager: Shutting down and abandoning module StreamingFile (3)
[2015.09.20-01.09.43:691][191]LogModuleManager: Shutting down and abandoning module SandboxFile (2)
[2015.09.20-01.09.43:706][191]LogModuleManager: Shutting down and abandoning module PakFile (1)
[2015.09.20-01.09.43:733][191]LogExit: Exiting.
[2015.09.20-01.09.43:758][191]Log file closed, 09/19/15 22:09:43
